Command line invocation:
    /Applications/Xcode.app/Contents/Developer/usr/bin/xcodebuild -scheme CarServicePassport -project CarServicePassport.xcodeproj -destination "platform=iOS Simulator,name=iPhone 17" build

ComputePackagePrebuildTargetDependencyGraph

Prepare packages

CreateBuildRequest

SendProjectDescription

CreateBuildOperation

ComputeTargetDependencyGraph
note: Building targets in dependency order
note: Target dependency graph (1 target)
    Target 'CarServicePassport' in project 'CarServicePassport' (no dependencies)

GatherProvisioningInputs

CreateBuildDescription

ClangStatCache /Applications/Xcode.app/Contents/Developer/Toolchains/XcodeDefault.xctoolchain/usr/bin/clang-stat-cache /Applications/Xcode.app/Contents/Developer/Platforms/iPhoneSimulator.platform/Developer/SDKs/iPhoneSimulator26.2.sdk /Users/robertengel/Library/Developer/Xcode/DerivedData/SDKStatCaches.noindex/iphonesimulator26.2-23C57-7d00a8b37fbd7999ea79df8ebc024bf0.sdkstatcache
    cd /Users/robertengel/GIT/CarMaintainancePassport/CarServicePassport.xcodeproj
    /Applications/Xcode.app/Contents/Developer/Toolchains/XcodeDefault.xctoolchain/usr/bin/clang-stat-cache /Applications/Xcode.app/Contents/Developer/Platforms/iPhoneSimulator.platform/Developer/SDKs/iPhoneSimulator26.2.sdk -o /Users/robertengel/Library/Developer/Xcode/DerivedData/SDKStatCaches.noindex/iphonesimulator26.2-23C57-7d00a8b37fbd7999ea79df8ebc024bf0.sdkstatcache

SwiftDriver CarServicePassport normal arm64 com.apple.xcode.tools.swift.compiler (in target 'CarServicePassport' from project 'CarServicePassport')
    cd /Users/robertengel/GIT/CarMaintainancePassport
    builtin-SwiftDriver -- /Applications/Xcode.app/Contents/Developer/Toolchains/XcodeDefault.xctoolchain/usr/bin/swiftc -module-name Car_Service_Passport -Onone -enforce-exclusivity\=checked @/Users/robertengel/Library/Developer/Xcode/DerivedData/CarServicePassport-buzwdlznideigfaujmfjsjsihubv/Build/Intermediates.noindex/CarServicePassport.build/Debug-iphonesimulator/CarServicePassport.build/Objects-normal/arm64/Car\ Service\ Passport.SwiftFileList -DDEBUG -enable-bare-slash-regex -enable-experimental-feature DebugDescriptionMacro -sdk /Applications/Xcode.app/Contents/Developer/Platforms/iPhoneSimulator.platform/Developer/SDKs/iPhoneSimulator26.2.sdk -target arm64-apple-ios18.0-simulator -g -module-cache-path /Users/robertengel/Library/Developer/Xcode/DerivedData/ModuleCache.noindex -Xfrontend -serialize-debugging-options -enable-testing -index-store-path /Users/robertengel/Library/Developer/Xcode/DerivedData/CarServicePassport-buzwdlznideigfaujmfjsjsihubv/Index.noindex/DataStore -Xcc -D_LIBCPP_HARDENING_MODE\=_LIBCPP_HARDENING_MODE_DEBUG -swift-version 5 -I /Users/robertengel/Library/Developer/Xcode/DerivedData/CarServicePassport-buzwdlznideigfaujmfjsjsihubv/Build/Products/Debug-iphonesimulator -F /Users/robertengel/Library/Developer/Xcode/DerivedData/CarServicePassport-buzwdlznideigfaujmfjsjsihubv/Build/Products/Debug-iphonesimulator -c -j10 -enable-batch-mode -incremental -Xcc -ivfsstatcache -Xcc /Users/robertengel/Library/Developer/Xcode/DerivedData/SDKStatCaches.noindex/iphonesimulator26.2-23C57-7d00a8b37fbd7999ea79df8ebc024bf0.sdkstatcache -output-file-map /Users/robertengel/Library/Developer/Xcode/DerivedData/CarServicePassport-buzwdlznideigfaujmfjsjsihubv/Build/Intermediates.noindex/CarServicePassport.build/Debug-iphonesimulator/CarServicePassport.build/Objects-normal/arm64/CarServicePassport-OutputFileMap.json -use-frontend-parseable-output -save-temps -no-color-diagnostics -explicit-module-build -module-cache-path /Users/robertengel/Library/Developer/Xcode/DerivedData/CarServicePassport-buzwdlznideigfaujmfjsjsihubv/Build/Intermediates.noindex/SwiftExplicitPrecompiledModules -clang-scanner-module-cache-path /Users/robertengel/Library/Developer/Xcode/DerivedData/ModuleCache.noindex -sdk-module-cache-path /Users/robertengel/Library/Developer/Xcode/DerivedData/ModuleCache.noindex -serialize-diagnostics -emit-dependencies -emit-module -emit-module-path /Users/robertengel/Library/Developer/Xcode/DerivedData/CarServicePassport-buzwdlznideigfaujmfjsjsihubv/Build/Intermediates.noindex/CarServicePassport.build/Debug-iphonesimulator/CarServicePassport.build/Objects-normal/arm64/Car_Service_Passport.swiftmodule -validate-clang-modules-once -clang-build-session-file /Users/robertengel/Library/Developer/Xcode/DerivedData/ModuleCache.noindex/Session.modulevalidation -Xcc -I/Users/robertengel/Library/Developer/Xcode/DerivedData/CarServicePassport-buzwdlznideigfaujmfjsjsihubv/Build/Intermediates.noindex/CarServicePassport.build/Debug-iphonesimulator/CarServicePassport.build/swift-overrides.hmap -emit-const-values -Xfrontend -const-gather-protocols-file -Xfrontend /Users/robertengel/Library/Developer/Xcode/DerivedData/CarServicePassport-buzwdlznideigfaujmfjsjsihubv/Build/Intermediates.noindex/CarServicePassport.build/Debug-iphonesimulator/CarServicePassport.build/Objects-normal/arm64/CarServicePassport_const_extract_protocols.json -Xcc -iquote -Xcc /Users/robertengel/Library/Developer/Xcode/DerivedData/CarServicePassport-buzwdlznideigfaujmfjsjsihubv/Build/Intermediates.noindex/CarServicePassport.build/Debug-iphonesimulator/CarServicePassport.build/Car\ Service\ Passport-generated-files.hmap -Xcc -I/Users/robertengel/Library/Developer/Xcode/DerivedData/CarServicePassport-buzwdlznideigfaujmfjsjsihubv/Build/Intermediates.noindex/CarServicePassport.build/Debug-iphonesimulator/CarServicePassport.build/Car\ Service\ Passport-own-target-headers.hmap -Xcc -I/Users/robertengel/Library/Developer/Xcode/DerivedData/CarServicePassport-buzwdlznideigfaujmfjsjsihubv/Build/Intermediates.noindex/CarServicePassport.build/Debug-iphonesimulator/CarServicePassport.build/Car\ Service\ Passport-all-target-headers.hmap -Xcc -iquote -Xcc /Users/robertengel/Library/Developer/Xcode/DerivedData/CarServicePassport-buzwdlznideigfaujmfjsjsihubv/Build/Intermediates.noindex/CarServicePassport.build/Debug-iphonesimulator/CarServicePassport.build/Car\ Service\ Passport-project-headers.hmap -Xcc -I/Users/robertengel/Library/Developer/Xcode/DerivedData/CarServicePassport-buzwdlznideigfaujmfjsjsihubv/Build/Products/Debug-iphonesimulator/include -Xcc -I/Users/robertengel/Library/Developer/Xcode/DerivedData/CarServicePassport-buzwdlznideigfaujmfjsjsihubv/Build/Intermediates.noindex/CarServicePassport.build/Debug-iphonesimulator/CarServicePassport.build/DerivedSources-normal/arm64 -Xcc -I/Users/robertengel/Library/Developer/Xcode/DerivedData/CarServicePassport-buzwdlznideigfaujmfjsjsihubv/Build/Intermediates.noindex/CarServicePassport.build/Debug-iphonesimulator/CarServicePassport.build/DerivedSources/arm64 -Xcc -I/Users/robertengel/Library/Developer/Xcode/DerivedData/CarServicePassport-buzwdlznideigfaujmfjsjsihubv/Build/Intermediates.noindex/CarServicePassport.build/Debug-iphonesimulator/CarServicePassport.build/DerivedSources -Xcc -DDEBUG\=1 -emit-objc-header -emit-objc-header-path /Users/robertengel/Library/Developer/Xcode/DerivedData/CarServicePassport-buzwdlznideigfaujmfjsjsihubv/Build/Intermediates.noindex/CarServicePassport.build/Debug-iphonesimulator/CarServicePassport.build/Objects-normal/arm64/Car_Service_Passport-Swift.h -working-directory /Users/robertengel/GIT/CarMaintainancePassport -experimental-emit-module-separately -disable-cmo

SwiftCompile normal arm64 Compiling\ VehicleAnalyticsView.swift /Users/robertengel/GIT/CarMaintainancePassport/Features/Garage/VehicleAnalyticsView.swift (in target 'CarServicePassport' from project 'CarServicePassport')

SwiftCompile normal arm64 /Users/robertengel/GIT/CarMaintainancePassport/Features/Garage/VehicleAnalyticsView.swift (in target 'CarServicePassport' from project 'CarServicePassport')
    cd /Users/robertengel/GIT/CarMaintainancePassport
    

SwiftEmitModule normal arm64 Emitting\ module\ for\ Car_Service_Passport (in target 'CarServicePassport' from project 'CarServicePassport')

EmitSwiftModule normal arm64 (in target 'CarServicePassport' from project 'CarServicePassport')
    cd /Users/robertengel/GIT/CarMaintainancePassport
    

SwiftDriverJobDiscovery normal arm64 Emitting module for Car_Service_Passport (in target 'CarServicePassport' from project 'CarServicePassport')

SwiftDriver\ Compilation\ Requirements CarServicePassport normal arm64 com.apple.xcode.tools.swift.compiler (in target 'CarServicePassport' from project 'CarServicePassport')
    cd /Users/robertengel/GIT/CarMaintainancePassport
    builtin-Swift-Compilation-Requirements -- /Applications/Xcode.app/Contents/Developer/Toolchains/XcodeDefault.xctoolchain/usr/bin/swiftc -module-name Car_Service_Passport -Onone -enforce-exclusivity\=checked @/Users/robertengel/Library/Developer/Xcode/DerivedData/CarServicePassport-buzwdlznideigfaujmfjsjsihubv/Build/Intermediates.noindex/CarServicePassport.build/Debug-iphonesimulator/CarServicePassport.build/Objects-normal/arm64/Car\ Service\ Passport.SwiftFileList -DDEBUG -enable-bare-slash-regex -enable-experimental-feature DebugDescriptionMacro -sdk /Applications/Xcode.app/Contents/Developer/Platforms/iPhoneSimulator.platform/Developer/SDKs/iPhoneSimulator26.2.sdk -target arm64-apple-ios18.0-simulator -g -module-cache-path /Users/robertengel/Library/Developer/Xcode/DerivedData/ModuleCache.noindex -Xfrontend -serialize-debugging-options -enable-testing -index-store-path /Users/robertengel/Library/Developer/Xcode/DerivedData/CarServicePassport-buzwdlznideigfaujmfjsjsihubv/Index.noindex/DataStore -Xcc -D_LIBCPP_HARDENING_MODE\=_LIBCPP_HARDENING_MODE_DEBUG -swift-version 5 -I /Users/robertengel/Library/Developer/Xcode/DerivedData/CarServicePassport-buzwdlznideigfaujmfjsjsihubv/Build/Products/Debug-iphonesimulator -F /Users/robertengel/Library/Developer/Xcode/DerivedData/CarServicePassport-buzwdlznideigfaujmfjsjsihubv/Build/Products/Debug-iphonesimulator -c -j10 -enable-batch-mode -incremental -Xcc -ivfsstatcache -Xcc /Users/robertengel/Library/Developer/Xcode/DerivedData/SDKStatCaches.noindex/iphonesimulator26.2-23C57-7d00a8b37fbd7999ea79df8ebc024bf0.sdkstatcache -output-file-map /Users/robertengel/Library/Developer/Xcode/DerivedData/CarServicePassport-buzwdlznideigfaujmfjsjsihubv/Build/Intermediates.noindex/CarServicePassport.build/Debug-iphonesimulator/CarServicePassport.build/Objects-normal/arm64/CarServicePassport-OutputFileMap.json -use-frontend-parseable-output -save-temps -no-color-diagnostics -explicit-module-build -module-cache-path /Users/robertengel/Library/Developer/Xcode/DerivedData/CarServicePassport-buzwdlznideigfaujmfjsjsihubv/Build/Intermediates.noindex/SwiftExplicitPrecompiledModules -clang-scanner-module-cache-path /Users/robertengel/Library/Developer/Xcode/DerivedData/ModuleCache.noindex -sdk-module-cache-path /Users/robertengel/Library/Developer/Xcode/DerivedData/ModuleCache.noindex -serialize-diagnostics -emit-dependencies -emit-module -emit-module-path /Users/robertengel/Library/Developer/Xcode/DerivedData/CarServicePassport-buzwdlznideigfaujmfjsjsihubv/Build/Intermediates.noindex/CarServicePassport.build/Debug-iphonesimulator/CarServicePassport.build/Objects-normal/arm64/Car_Service_Passport.swiftmodule -validate-clang-modules-once -clang-build-session-file /Users/robertengel/Library/Developer/Xcode/DerivedData/ModuleCache.noindex/Session.modulevalidation -Xcc -I/Users/robertengel/Library/Developer/Xcode/DerivedData/CarServicePassport-buzwdlznideigfaujmfjsjsihubv/Build/Intermediates.noindex/CarServicePassport.build/Debug-iphonesimulator/CarServicePassport.build/swift-overrides.hmap -emit-const-values -Xfrontend -const-gather-protocols-file -Xfrontend /Users/robertengel/Library/Developer/Xcode/DerivedData/CarServicePassport-buzwdlznideigfaujmfjsjsihubv/Build/Intermediates.noindex/CarServicePassport.build/Debug-iphonesimulator/CarServicePassport.build/Objects-normal/arm64/CarServicePassport_const_extract_protocols.json -Xcc -iquote -Xcc /Users/robertengel/Library/Developer/Xcode/DerivedData/CarServicePassport-buzwdlznideigfaujmfjsjsihubv/Build/Intermediates.noindex/CarServicePassport.build/Debug-iphonesimulator/CarServicePassport.build/Car\ Service\ Passport-generated-files.hmap -Xcc -I/Users/robertengel/Library/Developer/Xcode/DerivedData/CarServicePassport-buzwdlznideigfaujmfjsjsihubv/Build/Intermediates.noindex/CarServicePassport.build/Debug-iphonesimulator/CarServicePassport.build/Car\ Service\ Passport-own-target-headers.hmap -Xcc -I/Users/robertengel/Library/Developer/Xcode/DerivedData/CarServicePassport-buzwdlznideigfaujmfjsjsihubv/Build/Intermediates.noindex/CarServicePassport.build/Debug-iphonesimulator/CarServicePassport.build/Car\ Service\ Passport-all-target-headers.hmap -Xcc -iquote -Xcc /Users/robertengel/Library/Developer/Xcode/DerivedData/CarServicePassport-buzwdlznideigfaujmfjsjsihubv/Build/Intermediates.noindex/CarServicePassport.build/Debug-iphonesimulator/CarServicePassport.build/Car\ Service\ Passport-project-headers.hmap -Xcc -I/Users/robertengel/Library/Developer/Xcode/DerivedData/CarServicePassport-buzwdlznideigfaujmfjsjsihubv/Build/Products/Debug-iphonesimulator/include -Xcc -I/Users/robertengel/Library/Developer/Xcode/DerivedData/CarServicePassport-buzwdlznideigfaujmfjsjsihubv/Build/Intermediates.noindex/CarServicePassport.build/Debug-iphonesimulator/CarServicePassport.build/DerivedSources-normal/arm64 -Xcc -I/Users/robertengel/Library/Developer/Xcode/DerivedData/CarServicePassport-buzwdlznideigfaujmfjsjsihubv/Build/Intermediates.noindex/CarServicePassport.build/Debug-iphonesimulator/CarServicePassport.build/DerivedSources/arm64 -Xcc -I/Users/robertengel/Library/Developer/Xcode/DerivedData/CarServicePassport-buzwdlznideigfaujmfjsjsihubv/Build/Intermediates.noindex/CarServicePassport.build/Debug-iphonesimulator/CarServicePassport.build/DerivedSources -Xcc -DDEBUG\=1 -emit-objc-header -emit-objc-header-path /Users/robertengel/Library/Developer/Xcode/DerivedData/CarServicePassport-buzwdlznideigfaujmfjsjsihubv/Build/Intermediates.noindex/CarServicePassport.build/Debug-iphonesimulator/CarServicePassport.build/Objects-normal/arm64/Car_Service_Passport-Swift.h -working-directory /Users/robertengel/GIT/CarMaintainancePassport -experimental-emit-module-separately -disable-cmo

SwiftDriverJobDiscovery normal arm64 Compiling VehicleAnalyticsView.swift (in target 'CarServicePassport' from project 'CarServicePassport')

SwiftCompile normal arm64 Compiling\ CreateDocumentView.swift,\ DocumentAddFilesSheet.swift,\ DocumentDetailView.swift,\ DocumentDraftSeed.swift /Users/robertengel/GIT/CarMaintainancePassport/Features/Documents/CreateDocumentView.swift /Users/robertengel/GIT/CarMaintainancePassport/Features/Documents/DocumentAddFilesSheet.swift /Users/robertengel/GIT/CarMaintainancePassport/Features/Documents/DocumentDetailView.swift /Users/robertengel/GIT/CarMaintainancePassport/Helpers/DocumentDraftSeed.swift (in target 'CarServicePassport' from project 'CarServicePassport')

SwiftCompile normal arm64 /Users/robertengel/GIT/CarMaintainancePassport/Features/Documents/CreateDocumentView.swift (in target 'CarServicePassport' from project 'CarServicePassport')
    cd /Users/robertengel/GIT/CarMaintainancePassport
    

SwiftCompile normal arm64 /Users/robertengel/GIT/CarMaintainancePassport/Features/Documents/DocumentAddFilesSheet.swift (in target 'CarServicePassport' from project 'CarServicePassport')
    cd /Users/robertengel/GIT/CarMaintainancePassport
    

SwiftCompile normal arm64 /Users/robertengel/GIT/CarMaintainancePassport/Features/Documents/DocumentDetailView.swift (in target 'CarServicePassport' from project 'CarServicePassport')
    cd /Users/robertengel/GIT/CarMaintainancePassport
    

SwiftCompile normal arm64 /Users/robertengel/GIT/CarMaintainancePassport/Helpers/DocumentDraftSeed.swift (in target 'CarServicePassport' from project 'CarServicePassport')
    cd /Users/robertengel/GIT/CarMaintainancePassport
    

SwiftCompile normal arm64 Compiling\ OCRService.swift,\ PDFExportService.swift,\ PremiumComponents.swift,\ ReceiptReviewView.swift /Users/robertengel/GIT/CarMaintainancePassport/Services/OCRService.swift /Users/robertengel/GIT/CarMaintainancePassport/Services/PDFExportService.swift /Users/robertengel/GIT/CarMaintainancePassport/Components/PremiumComponents.swift /Users/robertengel/GIT/CarMaintainancePassport/Features/OCR/ReceiptReviewView.swift (in target 'CarServicePassport' from project 'CarServicePassport')

SwiftCompile normal arm64 /Users/robertengel/GIT/CarMaintainancePassport/Services/OCRService.swift (in target 'CarServicePassport' from project 'CarServicePassport')
    cd /Users/robertengel/GIT/CarMaintainancePassport
    

SwiftCompile normal arm64 /Users/robertengel/GIT/CarMaintainancePassport/Services/PDFExportService.swift (in target 'CarServicePassport' from project 'CarServicePassport')
    cd /Users/robertengel/GIT/CarMaintainancePassport
    

SwiftCompile normal arm64 /Users/robertengel/GIT/CarMaintainancePassport/Components/PremiumComponents.swift (in target 'CarServicePassport' from project 'CarServicePassport')
    cd /Users/robertengel/GIT/CarMaintainancePassport
    

SwiftCompile normal arm64 /Users/robertengel/GIT/CarMaintainancePassport/Features/OCR/ReceiptReviewView.swift (in target 'CarServicePassport' from project 'CarServicePassport')
    cd /Users/robertengel/GIT/CarMaintainancePassport
    

SwiftCompile normal arm64 Compiling\ AppEnums.swift,\ AttachmentRecord.swift,\ BackupExportService.swift,\ CarServicePassportApp.swift /Users/robertengel/GIT/CarMaintainancePassport/Models/AppEnums.swift /Users/robertengel/GIT/CarMaintainancePassport/Models/AttachmentRecord.swift /Users/robertengel/GIT/CarMaintainancePassport/Services/BackupExportService.swift /Users/robertengel/GIT/CarMaintainancePassport/App/CarServicePassportApp.swift (in target 'CarServicePassport' from project 'CarServicePassport')

SwiftCompile normal arm64 /Users/robertengel/GIT/CarMaintainancePassport/Models/AppEnums.swift (in target 'CarServicePassport' from project 'CarServicePassport')
    cd /Users/robertengel/GIT/CarMaintainancePassport
    

SwiftCompile normal arm64 /Users/robertengel/GIT/CarMaintainancePassport/Models/AttachmentRecord.swift (in target 'CarServicePassport' from project 'CarServicePassport')
    cd /Users/robertengel/GIT/CarMaintainancePassport
    

SwiftCompile normal arm64 /Users/robertengel/GIT/CarMaintainancePassport/Services/BackupExportService.swift (in target 'CarServicePassport' from project 'CarServicePassport')
    cd /Users/robertengel/GIT/CarMaintainancePassport
    

SwiftCompile normal arm64 /Users/robertengel/GIT/CarMaintainancePassport/App/CarServicePassportApp.swift (in target 'CarServicePassport' from project 'CarServicePassport')
    cd /Users/robertengel/GIT/CarMaintainancePassport
    

SwiftCompile normal arm64 Compiling\ SampleData.swift,\ ScannedReceiptDraft.swift,\ ScannedReceiptStorageService.swift,\ ServiceDetailView.swift /Users/robertengel/GIT/CarMaintainancePassport/Helpers/SampleData.swift /Users/robertengel/GIT/CarMaintainancePassport/Helpers/ScannedReceiptDraft.swift /Users/robertengel/GIT/CarMaintainancePassport/Services/ScannedReceiptStorageService.swift /Users/robertengel/GIT/CarMaintainancePassport/Features/Garage/ServiceDetailView.swift (in target 'CarServicePassport' from project 'CarServicePassport')

SwiftCompile normal arm64 /Users/robertengel/GIT/CarMaintainancePassport/Helpers/SampleData.swift (in target 'CarServicePassport' from project 'CarServicePassport')
    cd /Users/robertengel/GIT/CarMaintainancePassport
    

SwiftCompile normal arm64 /Users/robertengel/GIT/CarMaintainancePassport/Helpers/ScannedReceiptDraft.swift (in target 'CarServicePassport' from project 'CarServicePassport')
    cd /Users/robertengel/GIT/CarMaintainancePassport
    

SwiftCompile normal arm64 /Users/robertengel/GIT/CarMaintainancePassport/Services/ScannedReceiptStorageService.swift (in target 'CarServicePassport' from project 'CarServicePassport')
    cd /Users/robertengel/GIT/CarMaintainancePassport
    

SwiftCompile normal arm64 /Users/robertengel/GIT/CarMaintainancePassport/Features/Garage/ServiceDetailView.swift (in target 'CarServicePassport' from project 'CarServicePassport')
    cd /Users/robertengel/GIT/CarMaintainancePassport
    

SwiftCompile normal arm64 Compiling\ FuelTrackingView.swift,\ GarageView.swift,\ NotificationService.swift,\ OCRResultSheet.swift /Users/robertengel/GIT/CarMaintainancePassport/Features/Fuel/FuelTrackingView.swift /Users/robertengel/GIT/CarMaintainancePassport/Features/Garage/GarageView.swift /Users/robertengel/GIT/CarMaintainancePassport/Services/NotificationService.swift /Users/robertengel/GIT/CarMaintainancePassport/Features/OCR/OCRResultSheet.swift (in target 'CarServicePassport' from project 'CarServicePassport')
SwiftCompile normal arm64 /Users/robertengel/GIT/CarMaintainancePassport/Features/Fuel/FuelTrackingView.swift (in target 'CarServicePassport' from project 'CarServicePassport')
    cd /Users/robertengel/GIT/CarMaintainancePassport
    

SwiftCompile normal arm64 /Users/robertengel/GIT/CarMaintainancePassport/Features/Garage/GarageView.swift (in target 'CarServicePassport' from project 'CarServicePassport')
    cd /Users/robertengel/GIT/CarMaintainancePassport
    

SwiftCompile normal arm64 /Users/robertengel/GIT/CarMaintainancePassport/Services/NotificationService.swift (in target 'CarServicePassport' from project 'CarServicePassport')
    cd /Users/robertengel/GIT/CarMaintainancePassport
    

SwiftCompile normal arm64 /Users/robertengel/GIT/CarMaintainancePassport/Features/OCR/OCRResultSheet.swift (in target 'CarServicePassport' from project 'CarServicePassport')
    cd /Users/robertengel/GIT/CarMaintainancePassport
    

SwiftCompile normal arm64 Compiling\ ServiceEntry.swift,\ ServiceEntryFormView.swift,\ ServiceTypeChip.swift,\ TimelineView.swift /Users/robertengel/GIT/CarMaintainancePassport/Models/ServiceEntry.swift /Users/robertengel/GIT/CarMaintainancePassport/Features/Garage/ServiceEntryFormView.swift /Users/robertengel/GIT/CarMaintainancePassport/Components/ServiceTypeChip.swift /Users/robertengel/GIT/CarMaintainancePassport/Features/Timeline/TimelineView.swift (in target 'CarServicePassport' from project 'CarServicePassport')
SwiftCompile normal arm64 /Users/robertengel/GIT/CarMaintainancePassport/Models/ServiceEntry.swift (in target 'CarServicePassport' from project 'CarServicePassport')
    cd /Users/robertengel/GIT/CarMaintainancePassport
    

SwiftCompile normal arm64 /Users/robertengel/GIT/CarMaintainancePassport/Features/Garage/ServiceEntryFormView.swift (in target 'CarServicePassport' from project 'CarServicePassport')
    cd /Users/robertengel/GIT/CarMaintainancePassport
    

SwiftCompile normal arm64 /Users/robertengel/GIT/CarMaintainancePassport/Components/ServiceTypeChip.swift (in target 'CarServicePassport' from project 'CarServicePassport')
    cd /Users/robertengel/GIT/CarMaintainancePassport
    

SwiftCompile normal arm64 /Users/robertengel/GIT/CarMaintainancePassport/Features/Timeline/TimelineView.swift (in target 'CarServicePassport' from project 'CarServicePassport')
    cd /Users/robertengel/GIT/CarMaintainancePassport
    

SwiftCompile normal arm64 Compiling\ ReminderFormView.swift,\ ReminderItem.swift,\ RemindersView.swift,\ RootTabView.swift /Users/robertengel/GIT/CarMaintainancePassport/Features/Reminders/ReminderFormView.swift /Users/robertengel/GIT/CarMaintainancePassport/Models/ReminderItem.swift /Users/robertengel/GIT/CarMaintainancePassport/Features/Reminders/RemindersView.swift /Users/robertengel/GIT/CarMaintainancePassport/App/RootTabView.swift (in target 'CarServicePassport' from project 'CarServicePassport')

SwiftCompile normal arm64 /Users/robertengel/GIT/CarMaintainancePassport/Features/Reminders/ReminderFormView.swift (in target 'CarServicePassport' from project 'CarServicePassport')
    cd /Users/robertengel/GIT/CarMaintainancePassport
    

SwiftCompile normal arm64 /Users/robertengel/GIT/CarMaintainancePassport/Models/ReminderItem.swift (in target 'CarServicePassport' from project 'CarServicePassport')
    cd /Users/robertengel/GIT/CarMaintainancePassport
    

SwiftCompile normal arm64 /Users/robertengel/GIT/CarMaintainancePassport/Features/Reminders/RemindersView.swift (in target 'CarServicePassport' from project 'CarServicePassport')
    cd /Users/robertengel/GIT/CarMaintainancePassport
    

SwiftCompile normal arm64 /Users/robertengel/GIT/CarMaintainancePassport/App/RootTabView.swift (in target 'CarServicePassport' from project 'CarServicePassport')
    cd /Users/robertengel/GIT/CarMaintainancePassport
    

SwiftCompile normal arm64 Compiling\ FuelAnalyticsService.swift,\ FuelEntry.swift,\ FuelEntryFormSheet.swift,\ FuelLogEngine.swift /Users/robertengel/GIT/CarMaintainancePassport/Services/FuelAnalyticsService.swift /Users/robertengel/GIT/CarMaintainancePassport/Models/FuelEntry.swift /Users/robertengel/GIT/CarMaintainancePassport/Features/Fuel/FuelEntryFormSheet.swift /Users/robertengel/GIT/CarMaintainancePassport/Services/FuelLogEngine.swift (in target 'CarServicePassport' from project 'CarServicePassport')

SwiftCompile normal arm64 /Users/robertengel/GIT/CarMaintainancePassport/Services/FuelAnalyticsService.swift (in target 'CarServicePassport' from project 'CarServicePassport')
    cd /Users/robertengel/GIT/CarMaintainancePassport
    

SwiftCompile normal arm64 /Users/robertengel/GIT/CarMaintainancePassport/Models/FuelEntry.swift (in target 'CarServicePassport' from project 'CarServicePassport')
    cd /Users/robertengel/GIT/CarMaintainancePassport
    

SwiftCompile normal arm64 /Users/robertengel/GIT/CarMaintainancePassport/Features/Fuel/FuelEntryFormSheet.swift (in target 'CarServicePassport' from project 'CarServicePassport')
    cd /Users/robertengel/GIT/CarMaintainancePassport
    

SwiftCompile normal arm64 /Users/robertengel/GIT/CarMaintainancePassport/Services/FuelLogEngine.swift (in target 'CarServicePassport' from project 'CarServicePassport')
    cd /Users/robertengel/GIT/CarMaintainancePassport
    

SwiftCompile normal arm64 Compiling\ DocumentPageRecord.swift,\ DocumentRecord.swift,\ DocumentVaultStorageService.swift,\ DocumentsView.swift /Users/robertengel/GIT/CarMaintainancePassport/Models/DocumentPageRecord.swift /Users/robertengel/GIT/CarMaintainancePassport/Models/DocumentRecord.swift /Users/robertengel/GIT/CarMaintainancePassport/Services/DocumentVaultStorageService.swift /Users/robertengel/GIT/CarMaintainancePassport/Features/Documents/DocumentsView.swift (in target 'CarServicePassport' from project 'CarServicePassport')

SwiftCompile normal arm64 /Users/robertengel/GIT/CarMaintainancePassport/Models/DocumentPageRecord.swift (in target 'CarServicePassport' from project 'CarServicePassport')
    cd /Users/robertengel/GIT/CarMaintainancePassport
    

SwiftCompile normal arm64 /Users/robertengel/GIT/CarMaintainancePassport/Models/DocumentRecord.swift (in target 'CarServicePassport' from project 'CarServicePassport')
    cd /Users/robertengel/GIT/CarMaintainancePassport
    

SwiftCompile normal arm64 /Users/robertengel/GIT/CarMaintainancePassport/Services/DocumentVaultStorageService.swift (in target 'CarServicePassport' from project 'CarServicePassport')
    cd /Users/robertengel/GIT/CarMaintainancePassport
    

SwiftCompile normal arm64 /Users/robertengel/GIT/CarMaintainancePassport/Features/Documents/DocumentsView.swift (in target 'CarServicePassport' from project 'CarServicePassport')
    cd /Users/robertengel/GIT/CarMaintainancePassport
    

SwiftCompile normal arm64 Compiling\ Vehicle.swift,\ VehicleDetailView.swift,\ VehicleFormView.swift,\ VehicleViews.swift /Users/robertengel/GIT/CarMaintainancePassport/Models/Vehicle.swift /Users/robertengel/GIT/CarMaintainancePassport/Features/Garage/VehicleDetailView.swift /Users/robertengel/GIT/CarMaintainancePassport/Features/Garage/VehicleFormView.swift /Users/robertengel/GIT/CarMaintainancePassport/Components/VehicleViews.swift (in target 'CarServicePassport' from project 'CarServicePassport')

SwiftCompile normal arm64 /Users/robertengel/GIT/CarMaintainancePassport/Models/Vehicle.swift (in target 'CarServicePassport' from project 'CarServicePassport')
    cd /Users/robertengel/GIT/CarMaintainancePassport
    

SwiftCompile normal arm64 /Users/robertengel/GIT/CarMaintainancePassport/Features/Garage/VehicleDetailView.swift (in target 'CarServicePassport' from project 'CarServicePassport')
    cd /Users/robertengel/GIT/CarMaintainancePassport
    

SwiftCompile normal arm64 /Users/robertengel/GIT/CarMaintainancePassport/Features/Garage/VehicleFormView.swift (in target 'CarServicePassport' from project 'CarServicePassport')
    cd /Users/robertengel/GIT/CarMaintainancePassport
    

SwiftCompile normal arm64 /Users/robertengel/GIT/CarMaintainancePassport/Components/VehicleViews.swift (in target 'CarServicePassport' from project 'CarServicePassport')
    cd /Users/robertengel/GIT/CarMaintainancePassport
    

SwiftDriverJobDiscovery normal arm64 Compiling SampleData.swift, ScannedReceiptDraft.swift, ScannedReceiptStorageService.swift, ServiceDetailView.swift (in target 'CarServicePassport' from project 'CarServicePassport')

SwiftDriverJobDiscovery normal arm64 Compiling ReminderFormView.swift, ReminderItem.swift, RemindersView.swift, RootTabView.swift (in target 'CarServicePassport' from project 'CarServicePassport')

SwiftDriverJobDiscovery normal arm64 Compiling AppEnums.swift, AttachmentRecord.swift, BackupExportService.swift, CarServicePassportApp.swift (in target 'CarServicePassport' from project 'CarServicePassport')

SwiftDriverJobDiscovery normal arm64 Compiling FuelAnalyticsService.swift, FuelEntry.swift, FuelEntryFormSheet.swift, FuelLogEngine.swift (in target 'CarServicePassport' from project 'CarServicePassport')

SwiftDriverJobDiscovery normal arm64 Compiling DocumentPageRecord.swift, DocumentRecord.swift, DocumentVaultStorageService.swift, DocumentsView.swift (in target 'CarServicePassport' from project 'CarServicePassport')

SwiftDriverJobDiscovery normal arm64 Compiling OCRService.swift, PDFExportService.swift, PremiumComponents.swift, ReceiptReviewView.swift (in target 'CarServicePassport' from project 'CarServicePassport')

SwiftDriverJobDiscovery normal arm64 Compiling CreateDocumentView.swift, DocumentAddFilesSheet.swift, DocumentDetailView.swift, DocumentDraftSeed.swift (in target 'CarServicePassport' from project 'CarServicePassport')

SwiftDriverJobDiscovery normal arm64 Compiling FuelTrackingView.swift, GarageView.swift, NotificationService.swift, OCRResultSheet.swift (in target 'CarServicePassport' from project 'CarServicePassport')

SwiftDriverJobDiscovery normal arm64 Compiling Vehicle.swift, VehicleDetailView.swift, VehicleFormView.swift, VehicleViews.swift (in target 'CarServicePassport' from project 'CarServicePassport')

SwiftDriverJobDiscovery normal arm64 Compiling ServiceEntry.swift, ServiceEntryFormView.swift, ServiceTypeChip.swift, TimelineView.swift (in target 'CarServicePassport' from project 'CarServicePassport')

SwiftDriver\ Compilation CarServicePassport normal arm64 com.apple.xcode.tools.swift.compiler (in target 'CarServicePassport' from project 'CarServicePassport')
    cd /Users/robertengel/GIT/CarMaintainancePassport
    builtin-Swift-Compilation -- /Applications/Xcode.app/Contents/Developer/Toolchains/XcodeDefault.xctoolchain/usr/bin/swiftc -module-name Car_Service_Passport -Onone -enforce-exclusivity\=checked @/Users/robertengel/Library/Developer/Xcode/DerivedData/CarServicePassport-buzwdlznideigfaujmfjsjsihubv/Build/Intermediates.noindex/CarServicePassport.build/Debug-iphonesimulator/CarServicePassport.build/Objects-normal/arm64/Car\ Service\ Passport.SwiftFileList -DDEBUG -enable-bare-slash-regex -enable-experimental-feature DebugDescriptionMacro -sdk /Applications/Xcode.app/Contents/Developer/Platforms/iPhoneSimulator.platform/Developer/SDKs/iPhoneSimulator26.2.sdk -target arm64-apple-ios18.0-simulator -g -module-cache-path /Users/robertengel/Library/Developer/Xcode/DerivedData/ModuleCache.noindex -Xfrontend -serialize-debugging-options -enable-testing -index-store-path /Users/robertengel/Library/Developer/Xcode/DerivedData/CarServicePassport-buzwdlznideigfaujmfjsjsihubv/Index.noindex/DataStore -Xcc -D_LIBCPP_HARDENING_MODE\=_LIBCPP_HARDENING_MODE_DEBUG -swift-version 5 -I /Users/robertengel/Library/Developer/Xcode/DerivedData/CarServicePassport-buzwdlznideigfaujmfjsjsihubv/Build/Products/Debug-iphonesimulator -F /Users/robertengel/Library/Developer/Xcode/DerivedData/CarServicePassport-buzwdlznideigfaujmfjsjsihubv/Build/Products/Debug-iphonesimulator -c -j10 -enable-batch-mode -incremental -Xcc -ivfsstatcache -Xcc /Users/robertengel/Library/Developer/Xcode/DerivedData/SDKStatCaches.noindex/iphonesimulator26.2-23C57-7d00a8b37fbd7999ea79df8ebc024bf0.sdkstatcache -output-file-map /Users/robertengel/Library/Developer/Xcode/DerivedData/CarServicePassport-buzwdlznideigfaujmfjsjsihubv/Build/Intermediates.noindex/CarServicePassport.build/Debug-iphonesimulator/CarServicePassport.build/Objects-normal/arm64/CarServicePassport-OutputFileMap.json -use-frontend-parseable-output -save-temps -no-color-diagnostics -explicit-module-build -module-cache-path /Users/robertengel/Library/Developer/Xcode/DerivedData/CarServicePassport-buzwdlznideigfaujmfjsjsihubv/Build/Intermediates.noindex/SwiftExplicitPrecompiledModules -clang-scanner-module-cache-path /Users/robertengel/Library/Developer/Xcode/DerivedData/ModuleCache.noindex -sdk-module-cache-path /Users/robertengel/Library/Developer/Xcode/DerivedData/ModuleCache.noindex -serialize-diagnostics -emit-dependencies -emit-module -emit-module-path /Users/robertengel/Library/Developer/Xcode/DerivedData/CarServicePassport-buzwdlznideigfaujmfjsjsihubv/Build/Intermediates.noindex/CarServicePassport.build/Debug-iphonesimulator/CarServicePassport.build/Objects-normal/arm64/Car_Service_Passport.swiftmodule -validate-clang-modules-once -clang-build-session-file /Users/robertengel/Library/Developer/Xcode/DerivedData/ModuleCache.noindex/Session.modulevalidation -Xcc -I/Users/robertengel/Library/Developer/Xcode/DerivedData/CarServicePassport-buzwdlznideigfaujmfjsjsihubv/Build/Intermediates.noindex/CarServicePassport.build/Debug-iphonesimulator/CarServicePassport.build/swift-overrides.hmap -emit-const-values -Xfrontend -const-gather-protocols-file -Xfrontend /Users/robertengel/Library/Developer/Xcode/DerivedData/CarServicePassport-buzwdlznideigfaujmfjsjsihubv/Build/Intermediates.noindex/CarServicePassport.build/Debug-iphonesimulator/CarServicePassport.build/Objects-normal/arm64/CarServicePassport_const_extract_protocols.json -Xcc -iquote -Xcc /Users/robertengel/Library/Developer/Xcode/DerivedData/CarServicePassport-buzwdlznideigfaujmfjsjsihubv/Build/Intermediates.noindex/CarServicePassport.build/Debug-iphonesimulator/CarServicePassport.build/Car\ Service\ Passport-generated-files.hmap -Xcc -I/Users/robertengel/Library/Developer/Xcode/DerivedData/CarServicePassport-buzwdlznideigfaujmfjsjsihubv/Build/Intermediates.noindex/CarServicePassport.build/Debug-iphonesimulator/CarServicePassport.build/Car\ Service\ Passport-own-target-headers.hmap -Xcc -I/Users/robertengel/Library/Developer/Xcode/DerivedData/CarServicePassport-buzwdlznideigfaujmfjsjsihubv/Build/Intermediates.noindex/CarServicePassport.build/Debug-iphonesimulator/CarServicePassport.build/Car\ Service\ Passport-all-target-headers.hmap -Xcc -iquote -Xcc /Users/robertengel/Library/Developer/Xcode/DerivedData/CarServicePassport-buzwdlznideigfaujmfjsjsihubv/Build/Intermediates.noindex/CarServicePassport.build/Debug-iphonesimulator/CarServicePassport.build/Car\ Service\ Passport-project-headers.hmap -Xcc -I/Users/robertengel/Library/Developer/Xcode/DerivedData/CarServicePassport-buzwdlznideigfaujmfjsjsihubv/Build/Products/Debug-iphonesimulator/include -Xcc -I/Users/robertengel/Library/Developer/Xcode/DerivedData/CarServicePassport-buzwdlznideigfaujmfjsjsihubv/Build/Intermediates.noindex/CarServicePassport.build/Debug-iphonesimulator/CarServicePassport.build/DerivedSources-normal/arm64 -Xcc -I/Users/robertengel/Library/Developer/Xcode/DerivedData/CarServicePassport-buzwdlznideigfaujmfjsjsihubv/Build/Intermediates.noindex/CarServicePassport.build/Debug-iphonesimulator/CarServicePassport.build/DerivedSources/arm64 -Xcc -I/Users/robertengel/Library/Developer/Xcode/DerivedData/CarServicePassport-buzwdlznideigfaujmfjsjsihubv/Build/Intermediates.noindex/CarServicePassport.build/Debug-iphonesimulator/CarServicePassport.build/DerivedSources -Xcc -DDEBUG\=1 -emit-objc-header -emit-objc-header-path /Users/robertengel/Library/Developer/Xcode/DerivedData/CarServicePassport-buzwdlznideigfaujmfjsjsihubv/Build/Intermediates.noindex/CarServicePassport.build/Debug-iphonesimulator/CarServicePassport.build/Objects-normal/arm64/Car_Service_Passport-Swift.h -working-directory /Users/robertengel/GIT/CarMaintainancePassport -experimental-emit-module-separately -disable-cmo

Ld /Users/robertengel/Library/Developer/Xcode/DerivedData/CarServicePassport-buzwdlznideigfaujmfjsjsihubv/Build/Products/Debug-iphonesimulator/Car\ Service\ Passport.app/Car\ Service\ Passport.debug.dylib normal (in target 'CarServicePassport' from project 'CarServicePassport')
    cd /Users/robertengel/GIT/CarMaintainancePassport
    /Applications/Xcode.app/Contents/Developer/Toolchains/XcodeDefault.xctoolchain/usr/bin/clang -Xlinker -reproducible -target arm64-apple-ios18.0-simulator -dynamiclib -isysroot /Applications/Xcode.app/Contents/Developer/Platforms/iPhoneSimulator.platform/Developer/SDKs/iPhoneSimulator26.2.sdk -O0 -L/Users/robertengel/Library/Developer/Xcode/DerivedData/CarServicePassport-buzwdlznideigfaujmfjsjsihubv/Build/Intermediates.noindex/EagerLinkingTBDs/Debug-iphonesimulator -L/Users/robertengel/Library/Developer/Xcode/DerivedData/CarServicePassport-buzwdlznideigfaujmfjsjsihubv/Build/Products/Debug-iphonesimulator -F/Users/robertengel/Library/Developer/Xcode/DerivedData/CarServicePassport-buzwdlznideigfaujmfjsjsihubv/Build/Intermediates.noindex/EagerLinkingTBDs/Debug-iphonesimulator -F/Users/robertengel/Library/Developer/Xcode/DerivedData/CarServicePassport-buzwdlznideigfaujmfjsjsihubv/Build/Products/Debug-iphonesimulator -filelist /Users/robertengel/Library/Developer/Xcode/DerivedData/CarServicePassport-buzwdlznideigfaujmfjsjsihubv/Build/Intermediates.noindex/CarServicePassport.build/Debug-iphonesimulator/CarServicePassport.build/Objects-normal/arm64/Car\ Service\ Passport.LinkFileList -install_name @rpath/Car\ Service\ Passport.debug.dylib -Xlinker -rpath -Xlinker /usr/lib/swift -Xlinker -rpath -Xlinker @executable_path/Frameworks -dead_strip -Xlinker -object_path_lto -Xlinker /Users/robertengel/Library/Developer/Xcode/DerivedData/CarServicePassport-buzwdlznideigfaujmfjsjsihubv/Build/Intermediates.noindex/CarServicePassport.build/Debug-iphonesimulator/CarServicePassport.build/Objects-normal/arm64/Car\ Service\ Passport_lto.o -rdynamic -Xlinker -no_deduplicate -Xlinker -objc_abi_version -Xlinker 2 -Xlinker -dependency_info -Xlinker /Users/robertengel/Library/Developer/Xcode/DerivedData/CarServicePassport-buzwdlznideigfaujmfjsjsihubv/Build/Intermediates.noindex/CarServicePassport.build/Debug-iphonesimulator/CarServicePassport.build/Objects-normal/arm64/Car\ Service\ Passport_dependency_info.dat -fobjc-link-runtime -L/Applications/Xcode.app/Contents/Developer/Toolchains/XcodeDefault.xctoolchain/usr/lib/swift/iphonesimulator -L/usr/lib/swift -Xlinker -add_ast_path -Xlinker /Users/robertengel/Library/Developer/Xcode/DerivedData/CarServicePassport-buzwdlznideigfaujmfjsjsihubv/Build/Intermediates.noindex/CarServicePassport.build/Debug-iphonesimulator/CarServicePassport.build/Objects-normal/arm64/Car_Service_Passport.swiftmodule @/Users/robertengel/Library/Developer/Xcode/DerivedData/CarServicePassport-buzwdlznideigfaujmfjsjsihubv/Build/Intermediates.noindex/CarServicePassport.build/Debug-iphonesimulator/CarServicePassport.build/Objects-normal/arm64/Car_Service_Passport-linker-args.resp -Xlinker -alias -Xlinker _main -Xlinker ___debug_main_executable_dylib_entry_point -Xlinker -no_adhoc_codesign -o /Users/robertengel/Library/Developer/Xcode/DerivedData/CarServicePassport-buzwdlznideigfaujmfjsjsihubv/Build/Products/Debug-iphonesimulator/Car\ Service\ Passport.app/Car\ Service\ Passport.debug.dylib

Ld /Users/robertengel/Library/Developer/Xcode/DerivedData/CarServicePassport-buzwdlznideigfaujmfjsjsihubv/Build/Products/Debug-iphonesimulator/Car\ Service\ Passport.app/__preview.dylib normal (in target 'CarServicePassport' from project 'CarServicePassport')
    cd /Users/robertengel/GIT/CarMaintainancePassport
    /Applications/Xcode.app/Contents/Developer/Toolchains/XcodeDefault.xctoolchain/usr/bin/clang -Xlinker -reproducible -target arm64-apple-ios18.0-simulator -dynamiclib -isysroot /Applications/Xcode.app/Contents/Developer/Platforms/iPhoneSimulator.platform/Developer/SDKs/iPhoneSimulator26.2.sdk -O0 -L/Users/robertengel/Library/Developer/Xcode/DerivedData/CarServicePassport-buzwdlznideigfaujmfjsjsihubv/Build/Products/Debug-iphonesimulator -F/Users/robertengel/Library/Developer/Xcode/DerivedData/CarServicePassport-buzwdlznideigfaujmfjsjsihubv/Build/Products/Debug-iphonesimulator -install_name @rpath/Car\ Service\ Passport.debug.dylib -dead_strip -rdynamic -Xlinker -no_deduplicate -Xlinker -objc_abi_version -Xlinker 2 -Xlinker -dependency_info -Xlinker /Users/robertengel/Library/Developer/Xcode/DerivedData/CarServicePassport-buzwdlznideigfaujmfjsjsihubv/Build/Intermediates.noindex/CarServicePassport.build/Debug-iphonesimulator/CarServicePassport.build/Objects-normal/arm64/Car\ Service\ Passport_dependency_info.dat -Xlinker -sectcreate -Xlinker __TEXT -Xlinker __entitlements -Xlinker /Users/robertengel/Library/Developer/Xcode/DerivedData/CarServicePassport-buzwdlznideigfaujmfjsjsihubv/Build/Intermediates.noindex/CarServicePassport.build/Debug-iphonesimulator/CarServicePassport.build/Car\ Service\ Passport.app-Simulated.xcent -Xlinker -sectcreate -Xlinker __TEXT -Xlinker __ents_der -Xlinker /Users/robertengel/Library/Developer/Xcode/DerivedData/CarServicePassport-buzwdlznideigfaujmfjsjsihubv/Build/Intermediates.noindex/CarServicePassport.build/Debug-iphonesimulator/CarServicePassport.build/Car\ Service\ Passport.app-Simulated.xcent.der -Xlinker -no_adhoc_codesign -o /Users/robertengel/Library/Developer/Xcode/DerivedData/CarServicePassport-buzwdlznideigfaujmfjsjsihubv/Build/Products/Debug-iphonesimulator/Car\ Service\ Passport.app/__preview.dylib

Copy /Users/robertengel/Library/Developer/Xcode/DerivedData/CarServicePassport-buzwdlznideigfaujmfjsjsihubv/Build/Products/Debug-iphonesimulator/Car_Service_Passport.swiftmodule/arm64-apple-ios-simulator.abi.json /Users/robertengel/Library/Developer/Xcode/DerivedData/CarServicePassport-buzwdlznideigfaujmfjsjsihubv/Build/Intermediates.noindex/CarServicePassport.build/Debug-iphonesimulator/CarServicePassport.build/Objects-normal/arm64/Car_Service_Passport.abi.json (in target 'CarServicePassport' from project 'CarServicePassport')
    cd /Users/robertengel/GIT/CarMaintainancePassport
    builtin-copy -exclude .DS_Store -exclude CVS -exclude .svn -exclude .git -exclude .hg -resolve-src-symlinks -rename /Users/robertengel/Library/Developer/Xcode/DerivedData/CarServicePassport-buzwdlznideigfaujmfjsjsihubv/Build/Intermediates.noindex/CarServicePassport.build/Debug-iphonesimulator/CarServicePassport.build/Objects-normal/arm64/Car_Service_Passport.abi.json /Users/robertengel/Library/Developer/Xcode/DerivedData/CarServicePassport-buzwdlznideigfaujmfjsjsihubv/Build/Products/Debug-iphonesimulator/Car_Service_Passport.swiftmodule/arm64-apple-ios-simulator.abi.json

Copy /Users/robertengel/Library/Developer/Xcode/DerivedData/CarServicePassport-buzwdlznideigfaujmfjsjsihubv/Build/Products/Debug-iphonesimulator/Car_Service_Passport.swiftmodule/arm64-apple-ios-simulator.swiftmodule /Users/robertengel/Library/Developer/Xcode/DerivedData/CarServicePassport-buzwdlznideigfaujmfjsjsihubv/Build/Intermediates.noindex/CarServicePassport.build/Debug-iphonesimulator/CarServicePassport.build/Objects-normal/arm64/Car_Service_Passport.swiftmodule (in target 'CarServicePassport' from project 'CarServicePassport')
    cd /Users/robertengel/GIT/CarMaintainancePassport
    builtin-copy -exclude .DS_Store -exclude CVS -exclude .svn -exclude .git -exclude .hg -resolve-src-symlinks -rename /Users/robertengel/Library/Developer/Xcode/DerivedData/CarServicePassport-buzwdlznideigfaujmfjsjsihubv/Build/Intermediates.noindex/CarServicePassport.build/Debug-iphonesimulator/CarServicePassport.build/Objects-normal/arm64/Car_Service_Passport.swiftmodule /Users/robertengel/Library/Developer/Xcode/DerivedData/CarServicePassport-buzwdlznideigfaujmfjsjsihubv/Build/Products/Debug-iphonesimulator/Car_Service_Passport.swiftmodule/arm64-apple-ios-simulator.swiftmodule

Copy /Users/robertengel/Library/Developer/Xcode/DerivedData/CarServicePassport-buzwdlznideigfaujmfjsjsihubv/Build/Products/Debug-iphonesimulator/Car_Service_Passport.swiftmodule/Project/arm64-apple-ios-simulator.swiftsourceinfo /Users/robertengel/Library/Developer/Xcode/DerivedData/CarServicePassport-buzwdlznideigfaujmfjsjsihubv/Build/Intermediates.noindex/CarServicePassport.build/Debug-iphonesimulator/CarServicePassport.build/Objects-normal/arm64/Car_Service_Passport.swiftsourceinfo (in target 'CarServicePassport' from project 'CarServicePassport')
    cd /Users/robertengel/GIT/CarMaintainancePassport
    builtin-copy -exclude .DS_Store -exclude CVS -exclude .svn -exclude .git -exclude .hg -resolve-src-symlinks -rename /Users/robertengel/Library/Developer/Xcode/DerivedData/CarServicePassport-buzwdlznideigfaujmfjsjsihubv/Build/Intermediates.noindex/CarServicePassport.build/Debug-iphonesimulator/CarServicePassport.build/Objects-normal/arm64/Car_Service_Passport.swiftsourceinfo /Users/robertengel/Library/Developer/Xcode/DerivedData/CarServicePassport-buzwdlznideigfaujmfjsjsihubv/Build/Products/Debug-iphonesimulator/Car_Service_Passport.swiftmodule/Project/arm64-apple-ios-simulator.swiftsourceinfo

ConstructStubExecutorLinkFileList /Users/robertengel/Library/Developer/Xcode/DerivedData/CarServicePassport-buzwdlznideigfaujmfjsjsihubv/Build/Intermediates.noindex/CarServicePassport.build/Debug-iphonesimulator/CarServicePassport.build/Car\ Service\ Passport-ExecutorLinkFileList-normal-arm64.txt (in target 'CarServicePassport' from project 'CarServicePassport')
    cd /Users/robertengel/GIT/CarMaintainancePassport
    construct-stub-executor-link-file-list /Users/robertengel/Library/Developer/Xcode/DerivedData/CarServicePassport-buzwdlznideigfaujmfjsjsihubv/Build/Products/Debug-iphonesimulator/Car\ Service\ Passport.app/Car\ Service\ Passport.debug.dylib /Applications/Xcode.app/Contents/Developer/Platforms/iPhoneSimulator.platform/Developer/usr/lib/libPreviewsJITStubExecutor_no_swift_entry_point.a /Applications/Xcode.app/Contents/Developer/Platforms/iPhoneSimulator.platform/Developer/usr/lib/libPreviewsJITStubExecutor.a --output /Users/robertengel/Library/Developer/Xcode/DerivedData/CarServicePassport-buzwdlznideigfaujmfjsjsihubv/Build/Intermediates.noindex/CarServicePassport.build/Debug-iphonesimulator/CarServicePassport.build/Car\ Service\ Passport-ExecutorLinkFileList-normal-arm64.txt
note: Using stub executor library with Swift entry point. (in target 'CarServicePassport' from project 'CarServicePassport')

Ld /Users/robertengel/Library/Developer/Xcode/DerivedData/CarServicePassport-buzwdlznideigfaujmfjsjsihubv/Build/Products/Debug-iphonesimulator/Car\ Service\ Passport.app/Car\ Service\ Passport normal (in target 'CarServicePassport' from project 'CarServicePassport')
    cd /Users/robertengel/GIT/CarMaintainancePassport
    /Applications/Xcode.app/Contents/Developer/Toolchains/XcodeDefault.xctoolchain/usr/bin/clang -Xlinker -reproducible -target arm64-apple-ios18.0-simulator -isysroot /Applications/Xcode.app/Contents/Developer/Platforms/iPhoneSimulator.platform/Developer/SDKs/iPhoneSimulator26.2.sdk -O0 -L/Users/robertengel/Library/Developer/Xcode/DerivedData/CarServicePassport-buzwdlznideigfaujmfjsjsihubv/Build/Products/Debug-iphonesimulator -F/Users/robertengel/Library/Developer/Xcode/DerivedData/CarServicePassport-buzwdlznideigfaujmfjsjsihubv/Build/Products/Debug-iphonesimulator -Xlinker -rpath -Xlinker @executable_path -Xlinker -rpath -Xlinker @executable_path/Frameworks -rdynamic -Xlinker -no_deduplicate -Xlinker -objc_abi_version -Xlinker 2 -e ___debug_blank_executor_main -Xlinker -sectcreate -Xlinker __TEXT -Xlinker __debug_dylib -Xlinker /Users/robertengel/Library/Developer/Xcode/DerivedData/CarServicePassport-buzwdlznideigfaujmfjsjsihubv/Build/Intermediates.noindex/CarServicePassport.build/Debug-iphonesimulator/CarServicePassport.build/Car\ Service\ Passport-DebugDylibPath-normal-arm64.txt -Xlinker -sectcreate -Xlinker __TEXT -Xlinker __debug_instlnm -Xlinker /Users/robertengel/Library/Developer/Xcode/DerivedData/CarServicePassport-buzwdlznideigfaujmfjsjsihubv/Build/Intermediates.noindex/CarServicePassport.build/Debug-iphonesimulator/CarServicePassport.build/Car\ Service\ Passport-DebugDylibInstallName-normal-arm64.txt -Xlinker -filelist -Xlinker /Users/robertengel/Library/Developer/Xcode/DerivedData/CarServicePassport-buzwdlznideigfaujmfjsjsihubv/Build/Intermediates.noindex/CarServicePassport.build/Debug-iphonesimulator/CarServicePassport.build/Car\ Service\ Passport-ExecutorLinkFileList-normal-arm64.txt -Xlinker -sectcreate -Xlinker __TEXT -Xlinker __entitlements -Xlinker /Users/robertengel/Library/Developer/Xcode/DerivedData/CarServicePassport-buzwdlznideigfaujmfjsjsihubv/Build/Intermediates.noindex/CarServicePassport.build/Debug-iphonesimulator/CarServicePassport.build/Car\ Service\ Passport.app-Simulated.xcent -Xlinker -sectcreate -Xlinker __TEXT -Xlinker __ents_der -Xlinker /Users/robertengel/Library/Developer/Xcode/DerivedData/CarServicePassport-buzwdlznideigfaujmfjsjsihubv/Build/Intermediates.noindex/CarServicePassport.build/Debug-iphonesimulator/CarServicePassport.build/Car\ Service\ Passport.app-Simulated.xcent.der /Users/robertengel/Library/Developer/Xcode/DerivedData/CarServicePassport-buzwdlznideigfaujmfjsjsihubv/Build/Products/Debug-iphonesimulator/Car\ Service\ Passport.app/Car\ Service\ Passport.debug.dylib -Xlinker -no_adhoc_codesign -o /Users/robertengel/Library/Developer/Xcode/DerivedData/CarServicePassport-buzwdlznideigfaujmfjsjsihubv/Build/Products/Debug-iphonesimulator/Car\ Service\ Passport.app/Car\ Service\ Passport

ExtractAppIntentsMetadata (in target 'CarServicePassport' from project 'CarServicePassport')
    cd /Users/robertengel/GIT/CarMaintainancePassport
    /Applications/Xcode.app/Contents/Developer/Toolchains/XcodeDefault.xctoolchain/usr/bin/appintentsmetadataprocessor --toolchain-dir /Applications/Xcode.app/Contents/Developer/Toolchains/XcodeDefault.xctoolchain --module-name Car_Service_Passport --sdk-root /Applications/Xcode.app/Contents/Developer/Platforms/iPhoneSimulator.platform/Developer/SDKs/iPhoneSimulator26.2.sdk --xcode-version 17C529 --platform-family iOS --deployment-target 18.0 --bundle-identifier com.robertengel.CarServicePassport --output /Users/robertengel/Library/Developer/Xcode/DerivedData/CarServicePassport-buzwdlznideigfaujmfjsjsihubv/Build/Products/Debug-iphonesimulator/Car\ Service\ Passport.app --target-triple arm64-apple-ios18.0-simulator --binary-file /Users/robertengel/Library/Developer/Xcode/DerivedData/CarServicePassport-buzwdlznideigfaujmfjsjsihubv/Build/Products/Debug-iphonesimulator/Car\ Service\ Passport.app/Car\ Service\ Passport --dependency-file /Users/robertengel/Library/Developer/Xcode/DerivedData/CarServicePassport-buzwdlznideigfaujmfjsjsihubv/Build/Intermediates.noindex/CarServicePassport.build/Debug-iphonesimulator/CarServicePassport.build/Objects-normal/arm64/Car\ Service\ Passport_dependency_info.dat --stringsdata-file /Users/robertengel/Library/Developer/Xcode/DerivedData/CarServicePassport-buzwdlznideigfaujmfjsjsihubv/Build/Intermediates.noindex/CarServicePassport.build/Debug-iphonesimulator/CarServicePassport.build/Objects-normal/arm64/ExtractedAppShortcutsMetadata.stringsdata --source-file-list /Users/robertengel/Library/Developer/Xcode/DerivedData/CarServicePassport-buzwdlznideigfaujmfjsjsihubv/Build/Intermediates.noindex/CarServicePassport.build/Debug-iphonesimulator/CarServicePassport.build/Objects-normal/arm64/Car\ Service\ Passport.SwiftFileList --metadata-file-list /Users/robertengel/Library/Developer/Xcode/DerivedData/CarServicePassport-buzwdlznideigfaujmfjsjsihubv/Build/Intermediates.noindex/CarServicePassport.build/Debug-iphonesimulator/CarServicePassport.build/Car\ Service\ Passport.DependencyMetadataFileList --static-metadata-file-list /Users/robertengel/Library/Developer/Xcode/DerivedData/CarServicePassport-buzwdlznideigfaujmfjsjsihubv/Build/Intermediates.noindex/CarServicePassport.build/Debug-iphonesimulator/CarServicePassport.build/Car\ Service\ Passport.DependencyStaticMetadataFileList --swift-const-vals-list /Users/robertengel/Library/Developer/Xcode/DerivedData/CarServicePassport-buzwdlznideigfaujmfjsjsihubv/Build/Intermediates.noindex/CarServicePassport.build/Debug-iphonesimulator/CarServicePassport.build/Objects-normal/arm64/Car\ Service\ Passport.SwiftConstValuesFileList --compile-time-extraction --deployment-aware-processing --validate-assistant-intents --no-app-shortcuts-localization
2026-03-20 12:57:59.835 appintentsmetadataprocessor[48277:1004100] Starting appintentsmetadataprocessor export
2026-03-20 12:57:59.849 appintentsmetadataprocessor[48277:1004100] warning: Metadata extraction skipped. No AppIntents.framework dependency found.

ProcessInfoPlistFile /Users/robertengel/Library/Developer/Xcode/DerivedData/CarServicePassport-buzwdlznideigfaujmfjsjsihubv/Build/Products/Debug-iphonesimulator/Car\ Service\ Passport.app/Info.plist /Users/robertengel/Library/Developer/Xcode/DerivedData/CarServicePassport-buzwdlznideigfaujmfjsjsihubv/Build/Intermediates.noindex/CarServicePassport.build/Debug-iphonesimulator/CarServicePassport.build/empty-Car\ Service\ Passport.plist (in target 'CarServicePassport' from project 'CarServicePassport')
    cd /Users/robertengel/GIT/CarMaintainancePassport
    builtin-infoPlistUtility /Users/robertengel/Library/Developer/Xcode/DerivedData/CarServicePassport-buzwdlznideigfaujmfjsjsihubv/Build/Intermediates.noindex/CarServicePassport.build/Debug-iphonesimulator/CarServicePassport.build/empty-Car\ Service\ Passport.plist -producttype com.apple.product-type.application -genpkginfo /Users/robertengel/Library/Developer/Xcode/DerivedData/CarServicePassport-buzwdlznideigfaujmfjsjsihubv/Build/Products/Debug-iphonesimulator/Car\ Service\ Passport.app/PkgInfo -expandbuildsettings -format binary -platform iphonesimulator -o /Users/robertengel/Library/Developer/Xcode/DerivedData/CarServicePassport-buzwdlznideigfaujmfjsjsihubv/Build/Products/Debug-iphonesimulator/Car\ Service\ Passport.app/Info.plist

AppIntentsSSUTraining (in target 'CarServicePassport' from project 'CarServicePassport')
    cd /Users/robertengel/GIT/CarMaintainancePassport
    /Applications/Xcode.app/Contents/Developer/Toolchains/XcodeDefault.xctoolchain/usr/bin/appintentsnltrainingprocessor --infoplist-path /Users/robertengel/Library/Developer/Xcode/DerivedData/CarServicePassport-buzwdlznideigfaujmfjsjsihubv/Build/Products/Debug-iphonesimulator/Car\ Service\ Passport.app/Info.plist --temp-dir-path /Users/robertengel/Library/Developer/Xcode/DerivedData/CarServicePassport-buzwdlznideigfaujmfjsjsihubv/Build/Intermediates.noindex/CarServicePassport.build/Debug-iphonesimulator/CarServicePassport.build/ssu --bundle-id com.robertengel.CarServicePassport --product-path /Users/robertengel/Library/Developer/Xcode/DerivedData/CarServicePassport-buzwdlznideigfaujmfjsjsihubv/Build/Products/Debug-iphonesimulator/Car\ Service\ Passport.app --extracted-metadata-path /Users/robertengel/Library/Developer/Xcode/DerivedData/CarServicePassport-buzwdlznideigfaujmfjsjsihubv/Build/Products/Debug-iphonesimulator/Car\ Service\ Passport.app/Metadata.appintents --metadata-file-list /Users/robertengel/Library/Developer/Xcode/DerivedData/CarServicePassport-buzwdlznideigfaujmfjsjsihubv/Build/Intermediates.noindex/CarServicePassport.build/Debug-iphonesimulator/CarServicePassport.build/Car\ Service\ Passport.DependencyMetadataFileList --archive-ssu-assets
2026-03-20 12:57:59.899 appintentsnltrainingprocessor[48278:1004125] Parsing options for appintentsnltrainingprocessor
2026-03-20 12:57:59.900 appintentsnltrainingprocessor[48278:1004125] No AppShortcuts found - Skipping.

CopySwiftLibs /Users/robertengel/Library/Developer/Xcode/DerivedData/CarServicePassport-buzwdlznideigfaujmfjsjsihubv/Build/Products/Debug-iphonesimulator/Car\ Service\ Passport.app (in target 'CarServicePassport' from project 'CarServicePassport')
    cd /Users/robertengel/GIT/CarMaintainancePassport
    builtin-swiftStdLibTool --copy --verbose --sign - --scan-executable /Users/robertengel/Library/Developer/Xcode/DerivedData/CarServicePassport-buzwdlznideigfaujmfjsjsihubv/Build/Products/Debug-iphonesimulator/Car\ Service\ Passport.app/Car\ Service\ Passport.debug.dylib --scan-folder /Users/robertengel/Library/Developer/Xcode/DerivedData/CarServicePassport-buzwdlznideigfaujmfjsjsihubv/Build/Products/Debug-iphonesimulator/Car\ Service\ Passport.app/Frameworks --scan-folder /Users/robertengel/Library/Developer/Xcode/DerivedData/CarServicePassport-buzwdlznideigfaujmfjsjsihubv/Build/Products/Debug-iphonesimulator/Car\ Service\ Passport.app/PlugIns --scan-folder /Users/robertengel/Library/Developer/Xcode/DerivedData/CarServicePassport-buzwdlznideigfaujmfjsjsihubv/Build/Products/Debug-iphonesimulator/Car\ Service\ Passport.app/SystemExtensions --scan-folder /Users/robertengel/Library/Developer/Xcode/DerivedData/CarServicePassport-buzwdlznideigfaujmfjsjsihubv/Build/Products/Debug-iphonesimulator/Car\ Service\ Passport.app/Extensions --platform iphonesimulator --toolchain /Applications/Xcode.app/Contents/Developer/Toolchains/XcodeDefault.xctoolchain --destination /Users/robertengel/Library/Developer/Xcode/DerivedData/CarServicePassport-buzwdlznideigfaujmfjsjsihubv/Build/Products/Debug-iphonesimulator/Car\ Service\ Passport.app/Frameworks --strip-bitcode --strip-bitcode-tool /Applications/Xcode.app/Contents/Developer/Toolchains/XcodeDefault.xctoolchain/usr/bin/bitcode_strip --emit-dependency-info /Users/robertengel/Library/Developer/Xcode/DerivedData/CarServicePassport-buzwdlznideigfaujmfjsjsihubv/Build/Intermediates.noindex/CarServicePassport.build/Debug-iphonesimulator/CarServicePassport.build/SwiftStdLibToolInputDependencies.dep --filter-for-swift-os

CodeSign /Users/robertengel/Library/Developer/Xcode/DerivedData/CarServicePassport-buzwdlznideigfaujmfjsjsihubv/Build/Products/Debug-iphonesimulator/Car\ Service\ Passport.app/Car\ Service\ Passport.debug.dylib (in target 'CarServicePassport' from project 'CarServicePassport')
    cd /Users/robertengel/GIT/CarMaintainancePassport
    
    Signing Identity:     "Sign to Run Locally"
    
    /usr/bin/codesign --force --sign - --timestamp\=none --generate-entitlement-der /Users/robertengel/Library/Developer/Xcode/DerivedData/CarServicePassport-buzwdlznideigfaujmfjsjsihubv/Build/Products/Debug-iphonesimulator/Car\ Service\ Passport.app/Car\ Service\ Passport.debug.dylib

CodeSign /Users/robertengel/Library/Developer/Xcode/DerivedData/CarServicePassport-buzwdlznideigfaujmfjsjsihubv/Build/Products/Debug-iphonesimulator/Car\ Service\ Passport.app/__preview.dylib (in target 'CarServicePassport' from project 'CarServicePassport')
    cd /Users/robertengel/GIT/CarMaintainancePassport
    
    Signing Identity:     "Sign to Run Locally"
    
    /usr/bin/codesign --force --sign - --timestamp\=none --generate-entitlement-der /Users/robertengel/Library/Developer/Xcode/DerivedData/CarServicePassport-buzwdlznideigfaujmfjsjsihubv/Build/Products/Debug-iphonesimulator/Car\ Service\ Passport.app/__preview.dylib

CodeSign /Users/robertengel/Library/Developer/Xcode/DerivedData/CarServicePassport-buzwdlznideigfaujmfjsjsihubv/Build/Products/Debug-iphonesimulator/Car\ Service\ Passport.app (in target 'CarServicePassport' from project 'CarServicePassport')
    cd /Users/robertengel/GIT/CarMaintainancePassport
    
    Signing Identity:     "Sign to Run Locally"
    
    /usr/bin/codesign --force --sign - --timestamp\=none --generate-entitlement-der /Users/robertengel/Library/Developer/Xcode/DerivedData/CarServicePassport-buzwdlznideigfaujmfjsjsihubv/Build/Products/Debug-iphonesimulator/Car\ Service\ Passport.app

Validate /Users/robertengel/Library/Developer/Xcode/DerivedData/CarServicePassport-buzwdlznideigfaujmfjsjsihubv/Build/Products/Debug-iphonesimulator/Car\ Service\ Passport.app (in target 'CarServicePassport' from project 'CarServicePassport')
    cd /Users/robertengel/GIT/CarMaintainancePassport
    builtin-validationUtility /Users/robertengel/Library/Developer/Xcode/DerivedData/CarServicePassport-buzwdlznideigfaujmfjsjsihubv/Build/Products/Debug-iphonesimulator/Car\ Service\ Passport.app -shallow-bundle -infoplist-subpath Info.plist

** BUILD SUCCEEDED **

