Command line invocation:
    /Applications/Xcode.app/Contents/Developer/usr/bin/xcodebuild -scheme CarServicePassport -project CarServicePassport.xcodeproj -destination "platform=iOS Simulator,name=iPhone 16" build

2026-03-19 22:30:36.774 xcodebuild[5413:83263] Writing error result bundle to /var/folders/7_/l0ybk235395_m_6s6q5__3xw0000gn/T/ResultBundle_2026-19-03_22-30-0036.xcresult
xcodebuild: error: Unable to find a device matching the provided destination specifier:
		{ platform:iOS Simulator, OS:latest, name:iPhone 16 }

	The requested device could not be found because no available devices matched the request.

	Available destinations for the "CarServicePassport" scheme:
		{ platform:macOS, arch:arm64, variant:Designed for [iPad,iPhone], id:00008132-000670123685801C, name:My Mac }
		{ platform:iOS, arch:arm64, id:00008110-00123DEE3E7B801E, name:Robi’s iPhone }
		{ platform:iOS, id:dvtdevice-DVTiPhonePlaceholder-iphoneos:placeholder, name:Any iOS Device }
		{ platform:iOS Simulator, id:dvtdevice-DVTiOSDeviceSimulatorPlaceholder-iphonesimulator:placeholder, name:Any iOS Simulator Device }
		{ platform:iOS Simulator, arch:arm64, id:EECB0B5F-8846-4F95-A656-E9A349F31846, OS:26.3.1, name:iPad (A16) }
		{ platform:iOS Simulator, arch:arm64, id:0FCE4838-DF2B-4BAF-B3DD-DE3A4D1996EC, OS:26.3.1, name:iPad Air 11-inch (M3) }
		{ platform:iOS Simulator, arch:arm64, id:984C618D-00AC-4CCE-B64D-3BD8EDA4C66C, OS:26.3.1, name:iPad Air 13-inch (M3) }
		{ platform:iOS Simulator, arch:arm64, id:6AA5E50F-06B0-4EDE-9CAF-50D6E0278342, OS:26.3.1, name:iPad Pro 11-inch (M5) }
		{ platform:iOS Simulator, arch:arm64, id:1E1CDBBF-3968-47A1-AD2F-D33D7A6A1FF8, OS:26.3.1, name:iPad Pro 13-inch (M5) }
		{ platform:iOS Simulator, arch:arm64, id:0B890E6D-FF1D-4867-8266-AC687357B232, OS:26.3.1, name:iPad mini (A17 Pro) }
		{ platform:iOS Simulator, arch:arm64, id:3F89474E-E511-46F7-983B-76C8EFDF4171, OS:26.3.1, name:iPhone 13 Pro Max }
		{ platform:iOS Simulator, arch:arm64, id:AAD1B95E-F484-42C3-9415-8B61C6DD84FC, OS:26.3.1, name:iPhone 16e }
		{ platform:iOS Simulator, arch:arm64, id:096B0508-A572-4329-AC21-2324B01EE077, OS:26.3.1, name:iPhone 17 }
		{ platform:iOS Simulator, arch:arm64, id:336DD392-63E5-4AC0-BC5E-BC93A6A411D3, OS:26.3.1, name:iPhone 17 Pro }
		{ platform:iOS Simulator, arch:arm64, id:ADE28051-DDBA-4948-A2F4-A9A128E48278, OS:26.3.1, name:iPhone 17 Pro Max }
		{ platform:iOS Simulator, arch:arm64, id:E7AD068E-4CB3-4C57-9BD2-1C89BFAF4610, OS:26.3.1, name:iPhone Air }
